Build started 5/24/2015 9:35:30 PM.
     1>Project "C:\Users\Mike\documents\visual studio 2013\Projects\SDL10\SDL10\SDL10.vcxproj" on node 2 (Build target(s)).
     1>ClCompile:
         C:\Program Files (x86)\Microsoft Visual Studio 12.0\VC\bin\CL.exe /c /ZI /nologo /W3 /WX- /sdl /Od /Oy- /D _MBCS /Gm /EHsc /RTC1 /MDd /GS /fp:precise /Zc:wchar_t /Zc:forScope /Fo"Debug\\" /Fd"Debug\vc120.pdb" /Gd /TP /analyze- /errorReport:prompt Setting.cpp Shadow.cpp Source.cpp
         Setting.cpp
     1>c:\users\mike\documents\visual studio 2013\projects\sdl10\sdl10\setting.cpp(29): warning C4244: '=' : conversion from 'float' to 'int', possible loss of data
     1>c:\users\mike\documents\visual studio 2013\projects\sdl10\sdl10\setting.cpp(30): warning C4244: '=' : conversion from 'float' to 'int', possible loss of data
     1>c:\users\mike\documents\visual studio 2013\projects\sdl10\sdl10\setting.cpp(57): warning C4244: '-=' : conversion from 'float' to 'int', possible loss of data
     1>c:\users\mike\documents\visual studio 2013\projects\sdl10\sdl10\setting.cpp(62): warning C4244: '+=' : conversion from 'float' to 'int', possible loss of data
     1>c:\users\mike\documents\visual studio 2013\projects\sdl10\sdl10\setting.cpp(69): warning C4244: '-=' : conversion from 'float' to 'int', possible loss of data
     1>c:\users\mike\documents\visual studio 2013\projects\sdl10\sdl10\setting.cpp(96): warning C4244: '=' : conversion from 'float' to 'int', possible loss of data
     1>c:\users\mike\documents\visual studio 2013\projects\sdl10\sdl10\setting.cpp(97): warning C4244: '=' : conversion from 'float' to 'int', possible loss of data
     1>c:\users\mike\documents\visual studio 2013\projects\sdl10\sdl10\setting.cpp(117): warning C4244: 'return' : conversion from 'int' to 'float', possible loss of data
     1>c:\users\mike\documents\visual studio 2013\projects\sdl10\sdl10\setting.cpp(122): warning C4244: 'return' : conversion from 'int' to 'float', possible loss of data
         Generating Code...
         Compiling...
         Source.cpp
     1>c:\users\mike\documents\visual studio 2013\projects\sdl10\sdl10\source.cpp(835): warning C4018: '<' : signed/unsigned mismatch
     1>c:\users\mike\documents\visual studio 2013\projects\sdl10\sdl10\source.cpp(95): warning C4101: 'newGameStarted' : unreferenced local variable
         Shadow.cpp
     1>c:\users\mike\documents\visual studio 2013\projects\sdl10\sdl10\shadow.cpp(30): warning C4244: '=' : conversion from 'int' to 'float', possible loss of data
     1>c:\users\mike\documents\visual studio 2013\projects\sdl10\sdl10\shadow.cpp(31): warning C4244: '=' : conversion from 'int' to 'float', possible loss of data
     1>c:\users\mike\documents\visual studio 2013\projects\sdl10\sdl10\shadow.cpp(51): warning C4244: '=' : conversion from 'float' to 'int', possible loss of data
     1>c:\users\mike\documents\visual studio 2013\projects\sdl10\sdl10\shadow.cpp(52): warning C4244: '=' : conversion from 'float' to 'int', possible loss of data
     1>c:\users\mike\documents\visual studio 2013\projects\sdl10\sdl10\shadow.cpp(93): warning C4244: '-=' : conversion from 'float' to 'int', possible loss of data
     1>c:\users\mike\documents\visual studio 2013\projects\sdl10\sdl10\shadow.cpp(129): warning C4244: '-=' : conversion from 'float' to 'int', possible loss of data
     1>c:\users\mike\documents\visual studio 2013\projects\sdl10\sdl10\shadow.cpp(135): warning C4244: '-=' : conversion from 'float' to 'int', possible loss of data
     1>c:\users\mike\documents\visual studio 2013\projects\sdl10\sdl10\shadow.cpp(148): warning C4244: '+=' : conversion from 'float' to 'int', possible loss of data
     1>c:\users\mike\documents\visual studio 2013\projects\sdl10\sdl10\shadow.cpp(155): warning C4244: '+=' : conversion from 'float' to 'int', possible loss of data
     1>c:\users\mike\documents\visual studio 2013\projects\sdl10\sdl10\shadow.cpp(240): warning C4244: '=' : conversion from 'float' to 'int', possible loss of data
     1>c:\users\mike\documents\visual studio 2013\projects\sdl10\sdl10\shadow.cpp(241): warning C4244: '=' : conversion from 'float' to 'int', possible loss of data
         Generating Code...
       Link:
         C:\Program Files (x86)\Microsoft Visual Studio 12.0\VC\bin\link.exe /ERRORREPORT:PROMPT /OUT:"C:\Users\Mike\documents\visual studio 2013\Projects\SDL10\Debug\SDL10.exe" /INCREMENTAL /NOLOGO SDL2.lib SDL2main.lib SDL2_image.lib SDL2_ttf.lib SDL2_mixer.lib kernel32.lib user32.lib gdi32.lib winspool.lib comdlg32.lib advapi32.lib shell32.lib ole32.lib oleaut32.lib uuid.lib odbc32.lib odbccp32.lib /MANIFEST /MANIFESTUAC:"level='asInvoker' uiAccess='false'" /manifest:embed /DEBUG /PDB:"C:\Users\Mike\documents\visual studio 2013\Projects\SDL10\Debug\SDL10.pdb" /SUBSYSTEM:CONSOLE /TLBID:1 /DYNAMICBASE /NXCOMPAT /IMPLIB:"C:\Users\Mike\documents\visual studio 2013\Projects\SDL10\Debug\SDL10.lib" /MACHINE:X86 Debug\Menu.obj
         Debug\Setting.obj
         Debug\Shadow.obj
         Debug\Source.obj
         Debug\Text.obj
         SDL10.vcxproj -> C:\Users\Mike\documents\visual studio 2013\Projects\SDL10\Debug\SDL10.exe
     1>Done Building Project "C:\Users\Mike\documents\visual studio 2013\Projects\SDL10\SDL10\SDL10.vcxproj" (Build target(s)).

Build succeeded.

Time Elapsed 00:00:02.30
