  Bird.cpp
C:\Users\Mike\Desktop\Development\MoralesMichael_CSC17a-43950\Projects\Project2\Shadow\Shadow.h(2,10): fatal error C1083: Cannot open include file: 'SDL.h': No such file or directory
  Dog.cpp
C:\Users\Mike\Desktop\Development\MoralesMichael_CSC17a-43950\Projects\Project2\Shadow\Shadow.h(2,10): fatal error C1083: Cannot open include file: 'SDL.h': No such file or directory
  Menu.cpp
C:\Users\Mike\Desktop\Development\MoralesMichael_CSC17a-43950\Projects\Project2\Shadow\Menu.h(2,10): fatal error C1083: Cannot open include file: 'SDL.h': No such file or directory
  Monster.cpp
C:\Users\Mike\Desktop\Development\MoralesMichael_CSC17a-43950\Projects\Project2\Shadow\Shadow.h(2,10): fatal error C1083: Cannot open include file: 'SDL.h': No such file or directory
  Projectile.cpp
C:\Users\Mike\Desktop\Development\MoralesMichael_CSC17a-43950\Projects\Project2\Shadow\Setting.h(2,10): fatal error C1083: Cannot open include file: 'SDL.h': No such file or directory
  Protagonist.cpp
C:\Users\Mike\Desktop\Development\MoralesMichael_CSC17a-43950\Projects\Project2\Shadow\Protagonist.h(2,10): fatal error C1083: Cannot open include file: 'SDL.h': No such file or directory
  Setting.cpp
C:\Users\Mike\Desktop\Development\MoralesMichael_CSC17a-43950\Projects\Project2\Shadow\Setting.h(2,10): fatal error C1083: Cannot open include file: 'SDL.h': No such file or directory
  Shadow.cpp
C:\Users\Mike\Desktop\Development\MoralesMichael_CSC17a-43950\Projects\Project2\Shadow\Shadow.h(2,10): fatal error C1083: Cannot open include file: 'SDL.h': No such file or directory
  Source.cpp
C:\Users\Mike\Desktop\Development\MoralesMichael_CSC17a-43950\Projects\Project2\Shadow\Source.cpp(8,10): fatal error C1083: Cannot open include file: 'SDL.h': No such file or directory
  Troll.cpp
C:\Users\Mike\Desktop\Development\MoralesMichael_CSC17a-43950\Projects\Project2\Shadow\Shadow.h(2,10): fatal error C1083: Cannot open include file: 'SDL.h': No such file or directory
  Weapon.cpp
C:\Users\Mike\Desktop\Development\MoralesMichael_CSC17a-43950\Projects\Project2\Shadow\Setting.h(2,10): fatal error C1083: Cannot open include file: 'SDL.h': No such file or directory
  Generating Code...
